AC 2C 3C 4C 5C 6C 7C 8C 9C TC JC QC KC
AD 2D 3D 4D 5D 6D 7D 8D 9D TD JD QD KD
AH 2H 3H 4H 5H 6H 7H 8H 9H TH JH QH KH
AS 2S 3S 4S 5S 6S 7S 8S 9S TS JS QS KS

TS KC JD TC 2D JS JC AS 4C 7H 5C 7C AC
9S 2H 3D 2S 6C 4H 8D 7S QH 4S KD 9H AD
TD 4D 5S 6S 8C 2C 9C 7D 3H QD 6D KH TH
QC 8H AH KS JH 8S 6H 5D 9D 3S QS 5H 3C
3H
1
Is Player1 a human (h) or a computer (c)?
Is Player2 a human (h) or a computer (c)?
Is Player3 a human (h) or a computer (c)?
Is Player4 a human (h) or a computer (c)?
A new round begins. It’s Player2’s turn to play.
Cards on the table:
CLUBS: 
DIAMONDS: 
HEARTS: 
SPADES: 
Your hand: AD 4D 6H QH 2S KS 3C 3H 3S 7D 9S 8D 7S 
Legal plays: 7D 7S 
Player2 plays 7S


Cards on the table:
CLUBS: 
DIAMONDS: 
HEARTS: 
SPADES: 7S 
Your hand: 2D 5H QD 6S QC 8H KC KH 2H AS JH 4C 9D 
Legal plays: 6S 
Player3 plays 6S

Cards on the table:
CLUBS: 
DIAMONDS: 
HEARTS: 
SPADES: 6S 7S 
Your hand: 5S TD 7C 5D QS 5C AC 4H 7H 6C TS 4S TH 
Legal plays: 5S 7C 7H 
Player4 plays 5S

Cards on the table:
CLUBS: 
DIAMONDS: 
HEARTS: 
SPADES: 5S 6S 7S 
Your hand: JS KD 6D 9H 8S 8C 3D JD 9C JC 2C TC AH 
Legal plays: 8S 
Player1 plays 8S

Cards on the table:
CLUBS: 
DIAMONDS: 
HEARTS: 
SPADES: 5S 6S 7S 8S 
Your hand: AD 4D 6H QH 2S KS 3C 3H 3S 7D 9S 8D 
Legal plays: 7D 9S 
Player2 plays 7D

Cards on the table:
CLUBS: 
DIAMONDS: 7D 
HEARTS: 
SPADES: 5S 6S 7S 8S 
Your hand: 2D 5H QD QC 8H KC KH 2H AS JH 4C 9D 
Legal plays: 
Player3 discards 2D

Cards on the table:
CLUBS: 
DIAMONDS: 7D 
HEARTS: 
SPADES: 5S 6S 7S 8S 
Your hand: TD 7C 5D QS 5C AC 4H 7H 6C TS 4S TH 
Legal plays: 7C 7H 4S 
Player4 plays 7C

Cards on the table:
CLUBS: 7C 
DIAMONDS: 7D 
HEARTS: 
SPADES: 5S 6S 7S 8S 
Your hand: JS KD 6D 9H 8C 3D JD 9C JC 2C TC AH 
Legal plays: 6D 8C 
Player1 plays 6D

Cards on the table:
CLUBS: 7C 
DIAMONDS: 6D 7D 
HEARTS: 
SPADES: 5S 6S 7S 8S 
Your hand: AD 4D 6H QH 2S KS 3C 3H 3S 9S 8D 
Legal plays: 9S 8D 
Player2 plays 9S

Cards on the table:
CLUBS: 7C 
DIAMONDS: 6D 7D 
HEARTS: 
SPADES: 5S 6S 7S 8S 9S 
Your hand: 5H QD QC 8H KC KH 2H AS JH 4C 9D 
Legal plays: 
Player3 discards 5H

Cards on the table:
CLUBS: 7C 
DIAMONDS: 6D 7D 
HEARTS: 
SPADES: 5S 6S 7S 8S 9S 
Your hand: TD 5D QS 5C AC 4H 7H 6C TS 4S TH 
Legal plays: 5D 7H 6C TS 4S 
Player4 plays 5D

Cards on the table:
CLUBS: 7C 
DIAMONDS: 5D 6D 7D 
HEARTS: 
SPADES: 5S 6S 7S 8S 9S 
Your hand: JS KD 9H 8C 3D JD 9C JC 2C TC AH 
Legal plays: 8C 
Player1 plays 8C

Cards on the table:
CLUBS: 7C 8C 
DIAMONDS: 5D 6D 7D 
HEARTS: 
SPADES: 5S 6S 7S 8S 9S 
Your hand: AD 4D 6H QH 2S KS 3C 3H 3S 8D 
Legal plays: 4D 8D 
Player2 plays 4D

Cards on the table:
CLUBS: 7C 8C 
DIAMONDS: 4D 5D 6D 7D 
HEARTS: 
SPADES: 5S 6S 7S 8S 9S 
Your hand: QD QC 8H KC KH 2H AS JH 4C 9D 
Legal plays: 
Player3 discards QD

Cards on the table:
CLUBS: 7C 8C 
DIAMONDS: 4D 5D 6D 7D 
HEARTS: 
SPADES: 5S 6S 7S 8S 9S 
Your hand: TD QS 5C AC 4H 7H 6C TS 4S TH 
Legal plays: 7H 6C TS 4S 
Player4 plays 7H

Cards on the table:
CLUBS: 7C 8C 
DIAMONDS: 4D 5D 6D 7D 
HEARTS: 7H 
SPADES: 5S 6S 7S 8S 9S 
Your hand: JS KD 9H 3D JD 9C JC 2C TC AH 
Legal plays: 3D 9C 
Player1 plays 3D

Cards on the table:
CLUBS: 7C 8C 
DIAMONDS: 3D 4D 5D 6D 7D 
HEARTS: 7H 
SPADES: 5S 6S 7S 8S 9S 
Your hand: AD 6H QH 2S KS 3C 3H 3S 8D 
Legal plays: 6H 8D 
Player2 plays 6H

Cards on the table:
CLUBS: 7C 8C 
DIAMONDS: 3D 4D 5D 6D 7D 
HEARTS: 6H 7H 
SPADES: 5S 6S 7S 8S 9S 
Your hand: QC 8H KC KH 2H AS JH 4C 9D 
Legal plays: 8H 
Player3 plays 8H

Cards on the table:
CLUBS: 7C 8C 
DIAMONDS: 3D 4D 5D 6D 7D 
HEARTS: 6H 7H 8H 
SPADES: 5S 6S 7S 8S 9S 
Your hand: TD QS 5C AC 4H 6C TS 4S TH 
Legal plays: 6C TS 4S 
Player4 plays 6C

Cards on the table:
CLUBS: 6C 7C 8C 
DIAMONDS: 3D 4D 5D 6D 7D 
HEARTS: 6H 7H 8H 
SPADES: 5S 6S 7S 8S 9S 
Your hand: JS KD 9H JD 9C JC 2C TC AH 
Legal plays: 9H 9C 
Player1 plays 9H

Cards on the table:
CLUBS: 6C 7C 8C 
DIAMONDS: 3D 4D 5D 6D 7D 
HEARTS: 6H 7H 8H 9H 
SPADES: 5S 6S 7S 8S 9S 
Your hand: AD QH 2S KS 3C 3H 3S 8D 
Legal plays: 8D 
Player2 plays 8D

Cards on the table:
CLUBS: 6C 7C 8C 
DIAMONDS: 3D 4D 5D 6D 7D 8D 
HEARTS: 6H 7H 8H 9H 
SPADES: 5S 6S 7S 8S 9S 
Your hand: QC KC KH 2H AS JH 4C 9D 
Legal plays: 9D 
Player3 plays 9D

Cards on the table:
CLUBS: 6C 7C 8C 
DIAMONDS: 3D 4D 5D 6D 7D 8D 9D 
HEARTS: 6H 7H 8H 9H 
SPADES: 5S 6S 7S 8S 9S 
Your hand: TD QS 5C AC 4H TS 4S TH 
Legal plays: TD 5C TS 4S TH 
Player4 plays TD

Cards on the table:
CLUBS: 6C 7C 8C 
DIAMONDS: 3D 4D 5D 6D 7D 8D 9D TD 
HEARTS: 6H 7H 8H 9H 
SPADES: 5S 6S 7S 8S 9S 
Your hand: JS KD JD 9C JC 2C TC AH 
Legal plays: JD 9C 
Player1 plays JD

Cards on the table:
CLUBS: 6C 7C 8C 
DIAMONDS: 3D 4D 5D 6D 7D 8D 9D TD JD 
HEARTS: 6H 7H 8H 9H 
SPADES: 5S 6S 7S 8S 9S 
Your hand: AD QH 2S KS 3C 3H 3S 
Legal plays: 
Player2 discards AD

Cards on the table:
CLUBS: 6C 7C 8C 
DIAMONDS: 3D 4D 5D 6D 7D 8D 9D TD JD 
HEARTS: 6H 7H 8H 9H 
SPADES: 5S 6S 7S 8S 9S 
Your hand: QC KC KH 2H AS JH 4C 
Legal plays: 
Player3 discards QC

Cards on the table:
CLUBS: 6C 7C 8C 
DIAMONDS: 3D 4D 5D 6D 7D 8D 9D TD JD 
HEARTS: 6H 7H 8H 9H 
SPADES: 5S 6S 7S 8S 9S 
Your hand: QS 5C AC 4H TS 4S TH 
Legal plays: 5C TS 4S TH 
Player4 plays 5C

Cards on the table:
CLUBS: 5C 6C 7C 8C 
DIAMONDS: 3D 4D 5D 6D 7D 8D 9D TD JD 
HEARTS: 6H 7H 8H 9H 
SPADES: 5S 6S 7S 8S 9S 
Your hand: JS KD 9C JC 2C TC AH 
Legal plays: 9C 
Player1 plays 9C

Cards on the table:
CLUBS: 5C 6C 7C 8C 9C 
DIAMONDS: 3D 4D 5D 6D 7D 8D 9D TD JD 
HEARTS: 6H 7H 8H 9H 
SPADES: 5S 6S 7S 8S 9S 
Your hand: QH 2S KS 3C 3H 3S 
Legal plays: 
Player2 discards QH

Cards on the table:
CLUBS: 5C 6C 7C 8C 9C 
DIAMONDS: 3D 4D 5D 6D 7D 8D 9D TD JD 
HEARTS: 6H 7H 8H 9H 
SPADES: 5S 6S 7S 8S 9S 
Your hand: KC KH 2H AS JH 4C 
Legal plays: 4C 
Player3 plays 4C

Cards on the table:
CLUBS: 4C 5C 6C 7C 8C 9C 
DIAMONDS: 3D 4D 5D 6D 7D 8D 9D TD JD 
HEARTS: 6H 7H 8H 9H 
SPADES: 5S 6S 7S 8S 9S 
Your hand: QS AC 4H TS 4S TH 
Legal plays: TS 4S TH 
Player4 plays TS

Cards on the table:
CLUBS: 4C 5C 6C 7C 8C 9C 
DIAMONDS: 3D 4D 5D 6D 7D 8D 9D TD JD 
HEARTS: 6H 7H 8H 9H 
SPADES: 5S 6S 7S 8S 9S TS 
Your hand: JS KD JC 2C TC AH 
Legal plays: JS TC 
Player1 plays JS

Cards on the table:
CLUBS: 4C 5C 6C 7C 8C 9C 
DIAMONDS: 3D 4D 5D 6D 7D 8D 9D TD JD 
HEARTS: 6H 7H 8H 9H 
SPADES: 5S 6S 7S 8S 9S TS JS 
Your hand: 2S KS 3C 3H 3S 
Legal plays: 3C 
Player2 plays 3C

Cards on the table:
CLUBS: 3C 4C 5C 6C 7C 8C 9C 
DIAMONDS: 3D 4D 5D 6D 7D 8D 9D TD JD 
HEARTS: 6H 7H 8H 9H 
SPADES: 5S 6S 7S 8S 9S TS JS 
Your hand: KC KH 2H AS JH 
Legal plays: 
Player3 discards KC

Cards on the table:
CLUBS: 3C 4C 5C 6C 7C 8C 9C 
DIAMONDS: 3D 4D 5D 6D 7D 8D 9D TD JD 
HEARTS: 6H 7H 8H 9H 
SPADES: 5S 6S 7S 8S 9S TS JS 
Your hand: QS AC 4H 4S TH 
Legal plays: QS 4S TH 
Player4 plays QS

Cards on the table:
CLUBS: 3C 4C 5C 6C 7C 8C 9C 
DIAMONDS: 3D 4D 5D 6D 7D 8D 9D TD JD 
HEARTS: 6H 7H 8H 9H 
SPADES: 5S 6S 7S 8S 9S TS JS QS 
Your hand: KD JC 2C TC AH 
Legal plays: 2C TC 
Player1 plays 2C

Cards on the table:
CLUBS: 2C 3C 4C 5C 6C 7C 8C 9C 
DIAMONDS: 3D 4D 5D 6D 7D 8D 9D TD JD 
HEARTS: 6H 7H 8H 9H 
SPADES: 5S 6S 7S 8S 9S TS JS QS 
Your hand: 2S KS 3H 3S 
Legal plays: KS 
Player2 plays KS

Cards on the table:
CLUBS: 2C 3C 4C 5C 6C 7C 8C 9C 
DIAMONDS: 3D 4D 5D 6D 7D 8D 9D TD JD 
HEARTS: 6H 7H 8H 9H 
SPADES: 5S 6S 7S 8S 9S TS JS QS KS 
Your hand: KH 2H AS JH 
Legal plays: 
Player3 discards KH

Cards on the table:
CLUBS: 2C 3C 4C 5C 6C 7C 8C 9C 
DIAMONDS: 3D 4D 5D 6D 7D 8D 9D TD JD 
HEARTS: 6H 7H 8H 9H 
SPADES: 5S 6S 7S 8S 9S TS JS QS KS 
Your hand: AC 4H 4S TH 
Legal plays: AC 4S TH 
Player4 plays AC

Cards on the table:
CLUBS: AC 2C 3C 4C 5C 6C 7C 8C 9C 
DIAMONDS: 3D 4D 5D 6D 7D 8D 9D TD JD 
HEARTS: 6H 7H 8H 9H 
SPADES: 5S 6S 7S 8S 9S TS JS QS KS 
Your hand: KD JC TC AH 
Legal plays: TC 
Player1 plays TC

Cards on the table:
CLUBS: AC 2C 3C 4C 5C 6C 7C 8C 9C TC 
DIAMONDS: 3D 4D 5D 6D 7D 8D 9D TD JD 
HEARTS: 6H 7H 8H 9H 
SPADES: 5S 6S 7S 8S 9S TS JS QS KS 
Your hand: 2S 3H 3S 
Legal plays: 
Player2 discards 2S

Cards on the table:
CLUBS: AC 2C 3C 4C 5C 6C 7C 8C 9C TC 
DIAMONDS: 3D 4D 5D 6D 7D 8D 9D TD JD 
HEARTS: 6H 7H 8H 9H 
SPADES: 5S 6S 7S 8S 9S TS JS QS KS 
Your hand: 2H AS JH 
Legal plays: 
Player3 discards 2H

Cards on the table:
CLUBS: AC 2C 3C 4C 5C 6C 7C 8C 9C TC 
DIAMONDS: 3D 4D 5D 6D 7D 8D 9D TD JD 
HEARTS: 6H 7H 8H 9H 
SPADES: 5S 6S 7S 8S 9S TS JS QS KS 
Your hand: 4H 4S TH 
Legal plays: 4S TH 
Player4 plays 4S

Cards on the table:
CLUBS: AC 2C 3C 4C 5C 6C 7C 8C 9C TC 
DIAMONDS: 3D 4D 5D 6D 7D 8D 9D TD JD 
HEARTS: 6H 7H 8H 9H 
SPADES: 4S 5S 6S 7S 8S 9S TS JS QS KS 
Your hand: KD JC AH 
Legal plays: JC 
Player1 plays JC

Cards on the table:
CLUBS: AC 2C 3C 4C 5C 6C 7C 8C 9C TC JC 
DIAMONDS: 3D 4D 5D 6D 7D 8D 9D TD JD 
HEARTS: 6H 7H 8H 9H 
SPADES: 4S 5S 6S 7S 8S 9S TS JS QS KS 
Your hand: 3H 3S 
Legal plays: 3S 
Player2 plays 3S

Cards on the table:
CLUBS: AC 2C 3C 4C 5C 6C 7C 8C 9C TC JC 
DIAMONDS: 3D 4D 5D 6D 7D 8D 9D TD JD 
HEARTS: 6H 7H 8H 9H 
SPADES: 3S 4S 5S 6S 7S 8S 9S TS JS QS KS 
Your hand: AS JH 
Legal plays: 
Player3 discards AS

Cards on the table:
CLUBS: AC 2C 3C 4C 5C 6C 7C 8C 9C TC JC 
DIAMONDS: 3D 4D 5D 6D 7D 8D 9D TD JD 
HEARTS: 6H 7H 8H 9H 
SPADES: 3S 4S 5S 6S 7S 8S 9S TS JS QS KS 
Your hand: 4H TH 
Legal plays: TH 
Player4 plays TH

Cards on the table:
CLUBS: AC 2C 3C 4C 5C 6C 7C 8C 9C TC JC 
DIAMONDS: 3D 4D 5D 6D 7D 8D 9D TD JD 
HEARTS: 6H 7H 8H 9H TH 
SPADES: 3S 4S 5S 6S 7S 8S 9S TS JS QS KS 
Your hand: KD AH 
Legal plays: 
Player1 discards KD

Cards on the table:
CLUBS: AC 2C 3C 4C 5C 6C 7C 8C 9C TC JC 
DIAMONDS: 3D 4D 5D 6D 7D 8D 9D TD JD 
HEARTS: 6H 7H 8H 9H TH 
SPADES: 3S 4S 5S 6S 7S 8S 9S TS JS QS KS 
Your hand: 3H 
Legal plays: 
Player2 discards 3H

Cards on the table:
CLUBS: AC 2C 3C 4C 5C 6C 7C 8C 9C TC JC 
DIAMONDS: 3D 4D 5D 6D 7D 8D 9D TD JD 
HEARTS: 6H 7H 8H 9H TH 
SPADES: 3S 4S 5S 6S 7S 8S 9S TS JS QS KS 
Your hand: JH 
Legal plays: JH 
Player3 plays JH

Cards on the table:
CLUBS: AC 2C 3C 4C 5C 6C 7C 8C 9C TC JC 
DIAMONDS: 3D 4D 5D 6D 7D 8D 9D TD JD 
HEARTS: 6H 7H 8H 9H TH JH 
SPADES: 3S 4S 5S 6S 7S 8S 9S TS JS QS KS 
Your hand: 4H 
Legal plays: 
Player4 discards 4H

Cards on the table:
CLUBS: AC 2C 3C 4C 5C 6C 7C 8C 9C TC JC 
DIAMONDS: 3D 4D 5D 6D 7D 8D 9D TD JD 
HEARTS: 6H 7H 8H 9H TH JH 
SPADES: 3S 4S 5S 6S 7S 8S 9S TS JS QS KS 
Your hand: AH 
Legal plays: 
Player1 discards AH

Player 1 score: 13+1+=14
Player 2 score: 1+12+2+3+=18
Player 3 score: 2+5+12+12+13+13+2+1+=60
Player 4 score: 4+=4
A new round begins. It’s Player1’s turn to play.
Cards on the table:
CLUBS: 
DIAMONDS: 
HEARTS: 
SPADES: 
Your hand: KH 3C 7S JS 6S KS QD 9C TD QH 4S TC TS 
Legal plays: 7S 
Player1 plays 7S


Cards on the table:
CLUBS: 
DIAMONDS: 
HEARTS: 
SPADES: 7S 
Your hand: KC 4C 3S 4D JH AH 7D 2D 5D 8D QC AC 8S 
Legal plays: 7D 8S 
Player2 plays 7D

Cards on the table:
CLUBS: 
DIAMONDS: 7D 
HEARTS: 
SPADES: 7S 
Your hand: 6H 7C 5H 9S 8H 7H 9H 3D 5S 2H 9D 2C TH 
Legal plays: 7C 7H 
Player3 plays 7C

Cards on the table:
CLUBS: 7C 
DIAMONDS: 7D 
HEARTS: 
SPADES: 7S 
Your hand: JD 8C AS AD 6D QS 5C 3H 6C 4H 2S KD JC 
Legal plays: 8C 6D 6C 
Player4 plays 8C

Cards on the table:
CLUBS: 7C 8C 
DIAMONDS: 7D 
HEARTS: 
SPADES: 7S 
Your hand: KH 3C JS 6S KS QD 9C TD QH 4S TC TS 
Legal plays: 6S 9C 
Player1 plays 6S

Cards on the table:
CLUBS: 7C 8C 
DIAMONDS: 7D 
HEARTS: 
SPADES: 6S 7S 
Your hand: KC 4C 3S 4D JH AH 2D 5D 8D QC AC 8S 
Legal plays: 8D 8S 
Player2 plays 8D

Cards on the table:
CLUBS: 7C 8C 
DIAMONDS: 7D 8D 
HEARTS: 
SPADES: 6S 7S 
Your hand: 6H 5H 9S 8H 7H 9H 3D 5S 2H 9D 2C TH 
Legal plays: 7H 5S 9D 
Player3 plays 7H

Cards on the table:
CLUBS: 7C 8C 
DIAMONDS: 7D 8D 
HEARTS: 7H 
SPADES: 6S 7S 
Your hand: JD AS AD 6D QS 5C 3H 6C 4H 2S KD JC 
Legal plays: 6D 6C 
Player4 plays 6D

Cards on the table:
CLUBS: 7C 8C 
DIAMONDS: 6D 7D 8D 
HEARTS: 7H 
SPADES: 6S 7S 
Your hand: KH 3C JS KS QD 9C TD QH 4S TC TS 
Legal plays: 9C 
Player1 plays 9C

Cards on the table:
CLUBS: 7C 8C 9C 
DIAMONDS: 6D 7D 8D 
HEARTS: 7H 
SPADES: 6S 7S 
Your hand: KC 4C 3S 4D JH AH 2D 5D QC AC 8S 
Legal plays: 5D 8S 
Player2 plays 5D

Cards on the table:
CLUBS: 7C 8C 9C 
DIAMONDS: 5D 6D 7D 8D 
HEARTS: 7H 
SPADES: 6S 7S 
Your hand: 6H 5H 9S 8H 9H 3D 5S 2H 9D 2C TH 
Legal plays: 6H 8H 5S 9D 
Player3 plays 6H

Cards on the table:
CLUBS: 7C 8C 9C 
DIAMONDS: 5D 6D 7D 8D 
HEARTS: 6H 7H 
SPADES: 6S 7S 
Your hand: JD AS AD QS 5C 3H 6C 4H 2S KD JC 
Legal plays: 6C 
Player4 plays 6C

Cards on the table:
CLUBS: 6C 7C 8C 9C 
DIAMONDS: 5D 6D 7D 8D 
HEARTS: 6H 7H 
SPADES: 6S 7S 
Your hand: KH 3C JS KS QD TD QH 4S TC TS 
Legal plays: TC 
Player1 plays TC

Cards on the table:
CLUBS: 6C 7C 8C 9C TC 
DIAMONDS: 5D 6D 7D 8D 
HEARTS: 6H 7H 
SPADES: 6S 7S 
Your hand: KC 4C 3S 4D JH AH 2D QC AC 8S 
Legal plays: 4D 8S 
Player2 plays 4D

Cards on the table:
CLUBS: 6C 7C 8C 9C TC 
DIAMONDS: 4D 5D 6D 7D 8D 
HEARTS: 6H 7H 
SPADES: 6S 7S 
Your hand: 5H 9S 8H 9H 3D 5S 2H 9D 2C TH 
Legal plays: 5H 8H 3D 5S 9D 
Player3 plays 5H

Cards on the table:
CLUBS: 6C 7C 8C 9C TC 
DIAMONDS: 4D 5D 6D 7D 8D 
HEARTS: 5H 6H 7H 
SPADES: 6S 7S 
Your hand: JD AS AD QS 5C 3H 4H 2S KD JC 
Legal plays: 5C 4H JC 
Player4 plays 5C

Cards on the table:
CLUBS: 5C 6C 7C 8C 9C TC 
DIAMONDS: 4D 5D 6D 7D 8D 
HEARTS: 5H 6H 7H 
SPADES: 6S 7S 
Your hand: KH 3C JS KS QD TD QH 4S TS 
Legal plays: 
Player1 discards KH

Cards on the table:
CLUBS: 5C 6C 7C 8C 9C TC 
DIAMONDS: 4D 5D 6D 7D 8D 
HEARTS: 5H 6H 7H 
SPADES: 6S 7S 
Your hand: KC 4C 3S JH AH 2D QC AC 8S 
Legal plays: 4C 8S 
Player2 plays 4C

Cards on the table:
CLUBS: 4C 5C 6C 7C 8C 9C TC 
DIAMONDS: 4D 5D 6D 7D 8D 
HEARTS: 5H 6H 7H 
SPADES: 6S 7S 
Your hand: 9S 8H 9H 3D 5S 2H 9D 2C TH 
Legal plays: 8H 3D 5S 9D 
Player3 plays 8H

Cards on the table:
CLUBS: 4C 5C 6C 7C 8C 9C TC 
DIAMONDS: 4D 5D 6D 7D 8D 
HEARTS: 5H 6H 7H 8H 
SPADES: 6S 7S 
Your hand: JD AS AD QS 3H 4H 2S KD JC 
Legal plays: 4H JC 
Player4 plays 4H

Cards on the table:
CLUBS: 4C 5C 6C 7C 8C 9C TC 
DIAMONDS: 4D 5D 6D 7D 8D 
HEARTS: 4H 5H 6H 7H 8H 
SPADES: 6S 7S 
Your hand: 3C JS KS QD TD QH 4S TS 
Legal plays: 3C 
Player1 plays 3C

Cards on the table:
CLUBS: 3C 4C 5C 6C 7C 8C 9C TC 
DIAMONDS: 4D 5D 6D 7D 8D 
HEARTS: 4H 5H 6H 7H 8H 
SPADES: 6S 7S 
Your hand: KC 3S JH AH 2D QC AC 8S 
Legal plays: 8S 
Player2 plays 8S

Cards on the table:
CLUBS: 3C 4C 5C 6C 7C 8C 9C TC 
DIAMONDS: 4D 5D 6D 7D 8D 
HEARTS: 4H 5H 6H 7H 8H 
SPADES: 6S 7S 8S 
Your hand: 9S 9H 3D 5S 2H 9D 2C TH 
Legal plays: 9S 9H 3D 5S 9D 2C 
Player3 plays 9S

Cards on the table:
CLUBS: 3C 4C 5C 6C 7C 8C 9C TC 
DIAMONDS: 4D 5D 6D 7D 8D 
HEARTS: 4H 5H 6H 7H 8H 
SPADES: 6S 7S 8S 9S 
Your hand: JD AS AD QS 3H 2S KD JC 
Legal plays: 3H JC 
Player4 plays 3H

Cards on the table:
CLUBS: 3C 4C 5C 6C 7C 8C 9C TC 
DIAMONDS: 4D 5D 6D 7D 8D 
HEARTS: 3H 4H 5H 6H 7H 8H 
SPADES: 6S 7S 8S 9S 
Your hand: JS KS QD TD QH 4S TS 
Legal plays: TS 
Player1 plays TS

Cards on the table:
CLUBS: 3C 4C 5C 6C 7C 8C 9C TC 
DIAMONDS: 4D 5D 6D 7D 8D 
HEARTS: 3H 4H 5H 6H 7H 8H 
SPADES: 6S 7S 8S 9S TS 
Your hand: KC 3S JH AH 2D QC AC 
Legal plays: 
Player2 discards KC

Cards on the table:
CLUBS: 3C 4C 5C 6C 7C 8C 9C TC 
DIAMONDS: 4D 5D 6D 7D 8D 
HEARTS: 3H 4H 5H 6H 7H 8H 
SPADES: 6S 7S 8S 9S TS 
Your hand: 9H 3D 5S 2H 9D 2C TH 
Legal plays: 9H 3D 5S 2H 9D 2C 
Player3 plays 9H

Cards on the table:
CLUBS: 3C 4C 5C 6C 7C 8C 9C TC 
DIAMONDS: 4D 5D 6D 7D 8D 
HEARTS: 3H 4H 5H 6H 7H 8H 9H 
SPADES: 6S 7S 8S 9S TS 
Your hand: JD AS AD QS 2S KD JC 
Legal plays: JC 
Player4 plays JC

Cards on the table:
CLUBS: 3C 4C 5C 6C 7C 8C 9C TC JC 
DIAMONDS: 4D 5D 6D 7D 8D 
HEARTS: 3H 4H 5H 6H 7H 8H 9H 
SPADES: 6S 7S 8S 9S TS 
Your hand: JS KS QD TD QH 4S 
Legal plays: JS 
Player1 plays JS

Cards on the table:
CLUBS: 3C 4C 5C 6C 7C 8C 9C TC JC 
DIAMONDS: 4D 5D 6D 7D 8D 
HEARTS: 3H 4H 5H 6H 7H 8H 9H 
SPADES: 6S 7S 8S 9S TS JS 
Your hand: 3S JH AH 2D QC AC 
Legal plays: QC 
Player2 plays QC

Cards on the table:
CLUBS: 3C 4C 5C 6C 7C 8C 9C TC JC QC 
DIAMONDS: 4D 5D 6D 7D 8D 
HEARTS: 3H 4H 5H 6H 7H 8H 9H 
SPADES: 6S 7S 8S 9S TS JS 
Your hand: 3D 5S 2H 9D 2C TH 
Legal plays: 3D 5S 2H 9D 2C TH 
Player3 plays 3D

Cards on the table:
CLUBS: 3C 4C 5C 6C 7C 8C 9C TC JC QC 
DIAMONDS: 3D 4D 5D 6D 7D 8D 
HEARTS: 3H 4H 5H 6H 7H 8H 9H 
SPADES: 6S 7S 8S 9S TS JS 
Your hand: JD AS AD QS 2S KD 
Legal plays: QS 
Player4 plays QS

Cards on the table:
CLUBS: 3C 4C 5C 6C 7C 8C 9C TC JC QC 
DIAMONDS: 3D 4D 5D 6D 7D 8D 
HEARTS: 3H 4H 5H 6H 7H 8H 9H 
SPADES: 6S 7S 8S 9S TS JS QS 
Your hand: KS QD TD QH 4S 
Legal plays: KS 
Player1 plays KS

Cards on the table:
CLUBS: 3C 4C 5C 6C 7C 8C 9C TC JC QC 
DIAMONDS: 3D 4D 5D 6D 7D 8D 
HEARTS: 3H 4H 5H 6H 7H 8H 9H 
SPADES: 6S 7S 8S 9S TS JS QS KS 
Your hand: 3S JH AH 2D AC 
Legal plays: 2D 
Player2 plays 2D

Cards on the table:
CLUBS: 3C 4C 5C 6C 7C 8C 9C TC JC QC 
DIAMONDS: 2D 3D 4D 5D 6D 7D 8D 
HEARTS: 3H 4H 5H 6H 7H 8H 9H 
SPADES: 6S 7S 8S 9S TS JS QS KS 
Your hand: 5S 2H 9D 2C TH 
Legal plays: 5S 2H 9D 2C TH 
Player3 plays 5S

Cards on the table:
CLUBS: 3C 4C 5C 6C 7C 8C 9C TC JC QC 
DIAMONDS: 2D 3D 4D 5D 6D 7D 8D 
HEARTS: 3H 4H 5H 6H 7H 8H 9H 
SPADES: 5S 6S 7S 8S 9S TS JS QS KS 
Your hand: JD AS AD 2S KD 
Legal plays: AD 
Player4 plays AD

Cards on the table:
CLUBS: 3C 4C 5C 6C 7C 8C 9C TC JC QC 
DIAMONDS: AD 2D 3D 4D 5D 6D 7D 8D 
HEARTS: 3H 4H 5H 6H 7H 8H 9H 
SPADES: 5S 6S 7S 8S 9S TS JS QS KS 
Your hand: QD TD QH 4S 
Legal plays: 4S 
Player1 plays 4S

Cards on the table:
CLUBS: 3C 4C 5C 6C 7C 8C 9C TC JC QC 
DIAMONDS: AD 2D 3D 4D 5D 6D 7D 8D 
HEARTS: 3H 4H 5H 6H 7H 8H 9H 
SPADES: 4S 5S 6S 7S 8S 9S TS JS QS KS 
Your hand: 3S JH AH AC 
Legal plays: 3S 
Player2 plays 3S

Cards on the table:
CLUBS: 3C 4C 5C 6C 7C 8C 9C TC JC QC 
DIAMONDS: AD 2D 3D 4D 5D 6D 7D 8D 
HEARTS: 3H 4H 5H 6H 7H 8H 9H 
SPADES: 3S 4S 5S 6S 7S 8S 9S TS JS QS KS 
Your hand: 2H 9D 2C TH 
Legal plays: 2H 9D 2C TH 
Player3 plays 2H

Cards on the table:
CLUBS: 3C 4C 5C 6C 7C 8C 9C TC JC QC 
DIAMONDS: AD 2D 3D 4D 5D 6D 7D 8D 
HEARTS: 2H 3H 4H 5H 6H 7H 8H 9H 
SPADES: 3S 4S 5S 6S 7S 8S 9S TS JS QS KS 
Your hand: JD AS 2S KD 
Legal plays: 2S 
Player4 plays 2S

Cards on the table:
CLUBS: 3C 4C 5C 6C 7C 8C 9C TC JC QC 
DIAMONDS: AD 2D 3D 4D 5D 6D 7D 8D 
HEARTS: 2H 3H 4H 5H 6H 7H 8H 9H 
SPADES: 2S 3S 4S 5S 6S 7S 8S 9S TS JS QS KS 
Your hand: QD TD QH 
Legal plays: 
Player1 discards QD

Cards on the table:
CLUBS: 3C 4C 5C 6C 7C 8C 9C TC JC QC 
DIAMONDS: AD 2D 3D 4D 5D 6D 7D 8D 
HEARTS: 2H 3H 4H 5H 6H 7H 8H 9H 
SPADES: 2S 3S 4S 5S 6S 7S 8S 9S TS JS QS KS 
Your hand: JH AH AC 
Legal plays: AH 
Player2 plays AH

Cards on the table:
CLUBS: 3C 4C 5C 6C 7C 8C 9C TC JC QC 
DIAMONDS: AD 2D 3D 4D 5D 6D 7D 8D 
HEARTS: AH 2H 3H 4H 5H 6H 7H 8H 9H 
SPADES: 2S 3S 4S 5S 6S 7S 8S 9S TS JS QS KS 
Your hand: 9D 2C TH 
Legal plays: 9D 2C TH 
Player3 plays 9D

Cards on the table:
CLUBS: 3C 4C 5C 6C 7C 8C 9C TC JC QC 
DIAMONDS: AD 2D 3D 4D 5D 6D 7D 8D 9D 
HEARTS: AH 2H 3H 4H 5H 6H 7H 8H 9H 
SPADES: 2S 3S 4S 5S 6S 7S 8S 9S TS JS QS KS 
Your hand: JD AS KD 
Legal plays: AS 
Player4 plays AS

Cards on the table:
CLUBS: 3C 4C 5C 6C 7C 8C 9C TC JC QC 
DIAMONDS: AD 2D 3D 4D 5D 6D 7D 8D 9D 
HEARTS: AH 2H 3H 4H 5H 6H 7H 8H 9H 
SPADES: AS 2S 3S 4S 5S 6S 7S 8S 9S TS JS QS KS 
Your hand: TD QH 
Legal plays: TD 
Player1 plays TD

Cards on the table:
CLUBS: 3C 4C 5C 6C 7C 8C 9C TC JC QC 
DIAMONDS: AD 2D 3D 4D 5D 6D 7D 8D 9D TD 
HEARTS: AH 2H 3H 4H 5H 6H 7H 8H 9H 
SPADES: AS 2S 3S 4S 5S 6S 7S 8S 9S TS JS QS KS 
Your hand: JH AC 
Legal plays: 
Player2 discards JH

Cards on the table:
CLUBS: 3C 4C 5C 6C 7C 8C 9C TC JC QC 
DIAMONDS: AD 2D 3D 4D 5D 6D 7D 8D 9D TD 
HEARTS: AH 2H 3H 4H 5H 6H 7H 8H 9H 
SPADES: AS 2S 3S 4S 5S 6S 7S 8S 9S TS JS QS KS 
Your hand: 2C TH 
Legal plays: 2C TH 
Player3 plays 2C

Cards on the table:
CLUBS: 2C 3C 4C 5C 6C 7C 8C 9C TC JC QC 
DIAMONDS: AD 2D 3D 4D 5D 6D 7D 8D 9D TD 
HEARTS: AH 2H 3H 4H 5H 6H 7H 8H 9H 
SPADES: AS 2S 3S 4S 5S 6S 7S 8S 9S TS JS QS KS 
Your hand: JD KD 
Legal plays: JD 
Player4 plays JD

Cards on the table:
CLUBS: 2C 3C 4C 5C 6C 7C 8C 9C TC JC QC 
DIAMONDS: AD 2D 3D 4D 5D 6D 7D 8D 9D TD JD 
HEARTS: AH 2H 3H 4H 5H 6H 7H 8H 9H 
SPADES: AS 2S 3S 4S 5S 6S 7S 8S 9S TS JS QS KS 
Your hand: QH 
Legal plays: 
Player1 discards QH

Cards on the table:
CLUBS: 2C 3C 4C 5C 6C 7C 8C 9C TC JC QC 
DIAMONDS: AD 2D 3D 4D 5D 6D 7D 8D 9D TD JD 
HEARTS: AH 2H 3H 4H 5H 6H 7H 8H 9H 
SPADES: AS 2S 3S 4S 5S 6S 7S 8S 9S TS JS QS KS 
Your hand: AC 
Legal plays: AC 
Player2 plays AC

Cards on the table:
CLUBS: AC 2C 3C 4C 5C 6C 7C 8C 9C TC JC QC 
DIAMONDS: AD 2D 3D 4D 5D 6D 7D 8D 9D TD JD 
HEARTS: AH 2H 3H 4H 5H 6H 7H 8H 9H 
SPADES: AS 2S 3S 4S 5S 6S 7S 8S 9S TS JS QS KS 
Your hand: TH 
Legal plays: TH 
Player3 plays TH

Cards on the table:
CLUBS: AC 2C 3C 4C 5C 6C 7C 8C 9C TC JC QC 
DIAMONDS: AD 2D 3D 4D 5D 6D 7D 8D 9D TD JD 
HEARTS: AH 2H 3H 4H 5H 6H 7H 8H 9H TH 
SPADES: AS 2S 3S 4S 5S 6S 7S 8S 9S TS JS QS KS 
Your hand: KD 
Legal plays: 
Player4 discards KD

Player 1 score: 13+12+12+=37
Player 2 score: 13+11+=24
Player 3 score: =0
Player 4 score: 13+=13
A new round begins. It’s Player1’s turn to play.
Cards on the table:
CLUBS: 
DIAMONDS: 
HEARTS: 
SPADES: 
Your hand: 3C 3H TD 8D TC 8H 7S 4S KS QC JC 4H 7D 
Legal plays: 7S 7D 
Player1 plays 7S


Cards on the table:
CLUBS: 
DIAMONDS: 
HEARTS: 
SPADES: 7S 
Your hand: 5H 2D QD JH 8S 9D 4D 2S KH 6S KC 8C 3S 
Legal plays: 8S 6S 
Player2 plays 8S

Cards on the table:
CLUBS: 
DIAMONDS: 
HEARTS: 
SPADES: 7S 8S 
Your hand: 4C AH AS 7C JD 2C 9S KD AC 3D 6D 6C TH 
Legal plays: 7C 9S 
Player3 plays 7C

Cards on the table:
CLUBS: 7C 
DIAMONDS: 
HEARTS: 
SPADES: 7S 8S 
Your hand: QS 5D 5C TS 7H JS QH 9C AD 6H 2H 5S 9H 
Legal plays: 7H 
Player4 plays 7H

Cards on the table:
CLUBS: 7C 
DIAMONDS: 
HEARTS: 7H 
SPADES: 7S 8S 
Your hand: 3C 3H TD 8D TC 8H 4S KS QC JC 4H 7D 
Legal plays: 8H 7D 
Player1 plays 8H

Cards on the table:
CLUBS: 7C 
DIAMONDS: 
HEARTS: 7H 8H 
SPADES: 7S 8S 
Your hand: 5H 2D QD JH 9D 4D 2S KH 6S KC 8C 3S 
Legal plays: 6S 8C 
Player2 plays 6S

Cards on the table:
CLUBS: 7C 
DIAMONDS: 
HEARTS: 7H 8H 
SPADES: 6S 7S 8S 
Your hand: 4C AH AS JD 2C 9S KD AC 3D 6D 6C TH 
Legal plays: 9S 6C 
Player3 plays 9S

Cards on the table:
CLUBS: 7C 
DIAMONDS: 
HEARTS: 7H 8H 
SPADES: 6S 7S 8S 9S 
Your hand: QS 5D 5C TS JS QH 9C AD 6H 2H 5S 9H 
Legal plays: TS 6H 5S 9H 
Player4 plays TS

Cards on the table:
CLUBS: 7C 
DIAMONDS: 
HEARTS: 7H 8H 
SPADES: 6S 7S 8S 9S TS 
Your hand: 3C 3H TD 8D TC 4S KS QC JC 4H 7D 
Legal plays: 7D 
Player1 plays 7D

Cards on the table:
CLUBS: 7C 
DIAMONDS: 7D 
HEARTS: 7H 8H 
SPADES: 6S 7S 8S 9S TS 
Your hand: 5H 2D QD JH 9D 4D 2S KH KC 8C 3S 
Legal plays: 8C 
Player2 plays 8C

Cards on the table:
CLUBS: 7C 8C 
DIAMONDS: 7D 
HEARTS: 7H 8H 
SPADES: 6S 7S 8S 9S TS 
Your hand: 4C AH AS JD 2C KD AC 3D 6D 6C TH 
Legal plays: 6D 6C 
Player3 plays 6D

Cards on the table:
CLUBS: 7C 8C 
DIAMONDS: 6D 7D 
HEARTS: 7H 8H 
SPADES: 6S 7S 8S 9S TS 
Your hand: QS 5D 5C JS QH 9C AD 6H 2H 5S 9H 
Legal plays: 5D JS 9C 6H 5S 9H 
Player4 plays 5D

Cards on the table:
CLUBS: 7C 8C 
DIAMONDS: 5D 6D 7D 
HEARTS: 7H 8H 
SPADES: 6S 7S 8S 9S TS 
Your hand: 3C 3H TD 8D TC 4S KS QC JC 4H 
Legal plays: 8D 
Player1 plays 8D

Cards on the table:
CLUBS: 7C 8C 
DIAMONDS: 5D 6D 7D 8D 
HEARTS: 7H 8H 
SPADES: 6S 7S 8S 9S TS 
Your hand: 5H 2D QD JH 9D 4D 2S KH KC 3S 
Legal plays: 9D 4D 
Player2 plays 9D

Cards on the table:
CLUBS: 7C 8C 
DIAMONDS: 5D 6D 7D 8D 9D 
HEARTS: 7H 8H 
SPADES: 6S 7S 8S 9S TS 
Your hand: 4C AH AS JD 2C KD AC 3D 6C TH 
Legal plays: 6C 
Player3 plays 6C

Cards on the table:
CLUBS: 6C 7C 8C 
DIAMONDS: 5D 6D 7D 8D 9D 
HEARTS: 7H 8H 
SPADES: 6S 7S 8S 9S TS 
Your hand: QS 5C JS QH 9C AD 6H 2H 5S 9H 
Legal plays: 5C JS 9C 6H 5S 9H 
Player4 plays 5C

Cards on the table:
CLUBS: 5C 6C 7C 8C 
DIAMONDS: 5D 6D 7D 8D 9D 
HEARTS: 7H 8H 
SPADES: 6S 7S 8S 9S TS 
Your hand: 3C 3H TD TC 4S KS QC JC 4H 
Legal plays: TD 
Player1 plays TD

Cards on the table:
CLUBS: 5C 6C 7C 8C 
DIAMONDS: 5D 6D 7D 8D 9D TD 
HEARTS: 7H 8H 
SPADES: 6S 7S 8S 9S TS 
Your hand: 5H 2D QD JH 4D 2S KH KC 3S 
Legal plays: 4D 
Player2 plays 4D

Cards on the table:
CLUBS: 5C 6C 7C 8C 
DIAMONDS: 4D 5D 6D 7D 8D 9D TD 
HEARTS: 7H 8H 
SPADES: 6S 7S 8S 9S TS 
Your hand: 4C AH AS JD 2C KD AC 3D TH 
Legal plays: 4C JD 3D 
Player3 plays 4C

Cards on the table:
CLUBS: 4C 5C 6C 7C 8C 
DIAMONDS: 4D 5D 6D 7D 8D 9D TD 
HEARTS: 7H 8H 
SPADES: 6S 7S 8S 9S TS 
Your hand: QS JS QH 9C AD 6H 2H 5S 9H 
Legal plays: JS 9C 6H 5S 9H 
Player4 plays JS

Cards on the table:
CLUBS: 4C 5C 6C 7C 8C 
DIAMONDS: 4D 5D 6D 7D 8D 9D TD 
HEARTS: 7H 8H 
SPADES: 6S 7S 8S 9S TS JS 
Your hand: 3C 3H TC 4S KS QC JC 4H 
Legal plays: 3C 
Player1 plays 3C

Cards on the table:
CLUBS: 3C 4C 5C 6C 7C 8C 
DIAMONDS: 4D 5D 6D 7D 8D 9D TD 
HEARTS: 7H 8H 
SPADES: 6S 7S 8S 9S TS JS 
Your hand: 5H 2D QD JH 2S KH KC 3S 
Legal plays: 
Player2 discards 5H

Cards on the table:
CLUBS: 3C 4C 5C 6C 7C 8C 
DIAMONDS: 4D 5D 6D 7D 8D 9D TD 
HEARTS: 7H 8H 
SPADES: 6S 7S 8S 9S TS JS 
Your hand: AH AS JD 2C KD AC 3D TH 
Legal plays: JD 2C 3D 
Player3 plays JD

Cards on the table:
CLUBS: 3C 4C 5C 6C 7C 8C 
DIAMONDS: 4D 5D 6D 7D 8D 9D TD JD 
HEARTS: 7H 8H 
SPADES: 6S 7S 8S 9S TS JS 
Your hand: QS QH 9C AD 6H 2H 5S 9H 
Legal plays: QS 9C 6H 5S 9H 
Player4 plays QS

Cards on the table:
CLUBS: 3C 4C 5C 6C 7C 8C 
DIAMONDS: 4D 5D 6D 7D 8D 9D TD JD 
HEARTS: 7H 8H 
SPADES: 6S 7S 8S 9S TS JS QS 
Your hand: 3H TC 4S KS QC JC 4H 
Legal plays: KS 
Player1 plays KS

Cards on the table:
CLUBS: 3C 4C 5C 6C 7C 8C 
DIAMONDS: 4D 5D 6D 7D 8D 9D TD JD 
HEARTS: 7H 8H 
SPADES: 6S 7S 8S 9S TS JS QS KS 
Your hand: 2D QD JH 2S KH KC 3S 
Legal plays: QD 
Player2 plays QD

Cards on the table:
CLUBS: 3C 4C 5C 6C 7C 8C 
DIAMONDS: 4D 5D 6D 7D 8D 9D TD JD QD 
HEARTS: 7H 8H 
SPADES: 6S 7S 8S 9S TS JS QS KS 
Your hand: AH AS 2C KD AC 3D TH 
Legal plays: 2C KD 3D 
Player3 plays 2C

Cards on the table:
CLUBS: 2C 3C 4C 5C 6C 7C 8C 
DIAMONDS: 4D 5D 6D 7D 8D 9D TD JD QD 
HEARTS: 7H 8H 
SPADES: 6S 7S 8S 9S TS JS QS KS 
Your hand: QH 9C AD 6H 2H 5S 9H 
Legal plays: 9C 6H 5S 9H 
Player4 plays 9C

Cards on the table:
CLUBS: 2C 3C 4C 5C 6C 7C 8C 9C 
DIAMONDS: 4D 5D 6D 7D 8D 9D TD JD QD 
HEARTS: 7H 8H 
SPADES: 6S 7S 8S 9S TS JS QS KS 
Your hand: 3H TC 4S QC JC 4H 
Legal plays: TC 
Player1 plays TC

Cards on the table:
CLUBS: 2C 3C 4C 5C 6C 7C 8C 9C TC 
DIAMONDS: 4D 5D 6D 7D 8D 9D TD JD QD 
HEARTS: 7H 8H 
SPADES: 6S 7S 8S 9S TS JS QS KS 
Your hand: 2D JH 2S KH KC 3S 
Legal plays: 
Player2 discards 2D

Cards on the table:
CLUBS: 2C 3C 4C 5C 6C 7C 8C 9C TC 
DIAMONDS: 4D 5D 6D 7D 8D 9D TD JD QD 
HEARTS: 7H 8H 
SPADES: 6S 7S 8S 9S TS JS QS KS 
Your hand: AH AS KD AC 3D TH 
Legal plays: KD AC 3D 
Player3 plays KD

Cards on the table:
CLUBS: 2C 3C 4C 5C 6C 7C 8C 9C TC 
DIAMONDS: 4D 5D 6D 7D 8D 9D TD JD QD KD 
HEARTS: 7H 8H 
SPADES: 6S 7S 8S 9S TS JS QS KS 
Your hand: QH AD 6H 2H 5S 9H 
Legal plays: 6H 5S 9H 
Player4 plays 6H

Cards on the table:
CLUBS: 2C 3C 4C 5C 6C 7C 8C 9C TC 
DIAMONDS: 4D 5D 6D 7D 8D 9D TD JD QD KD 
HEARTS: 6H 7H 8H 
SPADES: 6S 7S 8S 9S TS JS QS KS 
Your hand: 3H 4S QC JC 4H 
Legal plays: JC 
Player1 plays JC

Cards on the table:
CLUBS: 2C 3C 4C 5C 6C 7C 8C 9C TC JC 
DIAMONDS: 4D 5D 6D 7D 8D 9D TD JD QD KD 
HEARTS: 6H 7H 8H 
SPADES: 6S 7S 8S 9S TS JS QS KS 
Your hand: JH 2S KH KC 3S 
Legal plays: 
Player2 discards JH

Cards on the table:
CLUBS: 2C 3C 4C 5C 6C 7C 8C 9C TC JC 
DIAMONDS: 4D 5D 6D 7D 8D 9D TD JD QD KD 
HEARTS: 6H 7H 8H 
SPADES: 6S 7S 8S 9S TS JS QS KS 
Your hand: AH AS AC 3D TH 
Legal plays: AC 3D 
Player3 plays AC

Cards on the table:
CLUBS: AC 2C 3C 4C 5C 6C 7C 8C 9C TC JC 
DIAMONDS: 4D 5D 6D 7D 8D 9D TD JD QD KD 
HEARTS: 6H 7H 8H 
SPADES: 6S 7S 8S 9S TS JS QS KS 
Your hand: QH AD 2H 5S 9H 
Legal plays: 5S 9H 
Player4 plays 5S

Cards on the table:
CLUBS: AC 2C 3C 4C 5C 6C 7C 8C 9C TC JC 
DIAMONDS: 4D 5D 6D 7D 8D 9D TD JD QD KD 
HEARTS: 6H 7H 8H 
SPADES: 5S 6S 7S 8S 9S TS JS QS KS 
Your hand: 3H 4S QC 4H 
Legal plays: 4S QC 
Player1 plays 4S

Cards on the table:
CLUBS: AC 2C 3C 4C 5C 6C 7C 8C 9C TC JC 
DIAMONDS: 4D 5D 6D 7D 8D 9D TD JD QD KD 
HEARTS: 6H 7H 8H 
SPADES: 4S 5S 6S 7S 8S 9S TS JS QS KS 
Your hand: 2S KH KC 3S 
Legal plays: 3S 
Player2 plays 3S

Cards on the table:
CLUBS: AC 2C 3C 4C 5C 6C 7C 8C 9C TC JC 
DIAMONDS: 4D 5D 6D 7D 8D 9D TD JD QD KD 
HEARTS: 6H 7H 8H 
SPADES: 3S 4S 5S 6S 7S 8S 9S TS JS QS KS 
Your hand: AH AS 3D TH 
Legal plays: 3D 
Player3 plays 3D

Cards on the table:
CLUBS: AC 2C 3C 4C 5C 6C 7C 8C 9C TC JC 
DIAMONDS: 3D 4D 5D 6D 7D 8D 9D TD JD QD KD 
HEARTS: 6H 7H 8H 
SPADES: 3S 4S 5S 6S 7S 8S 9S TS JS QS KS 
Your hand: QH AD 2H 9H 
Legal plays: 9H 
Player4 plays 9H

Cards on the table:
CLUBS: AC 2C 3C 4C 5C 6C 7C 8C 9C TC JC 
DIAMONDS: 3D 4D 5D 6D 7D 8D 9D TD JD QD KD 
HEARTS: 6H 7H 8H 9H 
SPADES: 3S 4S 5S 6S 7S 8S 9S TS JS QS KS 
Your hand: 3H QC 4H 
Legal plays: QC 
Player1 plays QC

Cards on the table:
CLUBS: AC 2C 3C 4C 5C 6C 7C 8C 9C TC JC QC 
DIAMONDS: 3D 4D 5D 6D 7D 8D 9D TD JD QD KD 
HEARTS: 6H 7H 8H 9H 
SPADES: 3S 4S 5S 6S 7S 8S 9S TS JS QS KS 
Your hand: 2S KH KC 
Legal plays: 2S KC 
Player2 plays 2S

Cards on the table:
CLUBS: AC 2C 3C 4C 5C 6C 7C 8C 9C TC JC QC 
DIAMONDS: 3D 4D 5D 6D 7D 8D 9D TD JD QD KD 
HEARTS: 6H 7H 8H 9H 
SPADES: 2S 3S 4S 5S 6S 7S 8S 9S TS JS QS KS 
Your hand: AH AS TH 
Legal plays: AS TH 
Player3 plays AS

Cards on the table:
CLUBS: AC 2C 3C 4C 5C 6C 7C 8C 9C TC JC QC 
DIAMONDS: 3D 4D 5D 6D 7D 8D 9D TD JD QD KD 
HEARTS: 6H 7H 8H 9H 
SPADES: AS 2S 3S 4S 5S 6S 7S 8S 9S TS JS QS KS 
Your hand: QH AD 2H 
Legal plays: 
Player4 discards QH

Cards on the table:
CLUBS: AC 2C 3C 4C 5C 6C 7C 8C 9C TC JC QC 
DIAMONDS: 3D 4D 5D 6D 7D 8D 9D TD JD QD KD 
HEARTS: 6H 7H 8H 9H 
SPADES: AS 2S 3S 4S 5S 6S 7S 8S 9S TS JS QS KS 
Your hand: 3H 4H 
Legal plays: 
Player1 discards 3H

Cards on the table:
CLUBS: AC 2C 3C 4C 5C 6C 7C 8C 9C TC JC QC 
DIAMONDS: 3D 4D 5D 6D 7D 8D 9D TD JD QD KD 
HEARTS: 6H 7H 8H 9H 
SPADES: AS 2S 3S 4S 5S 6S 7S 8S 9S TS JS QS KS 
Your hand: KH KC 
Legal plays: KC 
Player2 plays KC

Cards on the table:
CLUBS: AC 2C 3C 4C 5C 6C 7C 8C 9C TC JC QC KC 
DIAMONDS: 3D 4D 5D 6D 7D 8D 9D TD JD QD KD 
HEARTS: 6H 7H 8H 9H 
SPADES: AS 2S 3S 4S 5S 6S 7S 8S 9S TS JS QS KS 
Your hand: AH TH 
Legal plays: TH 
Player3 plays TH

Cards on the table:
CLUBS: AC 2C 3C 4C 5C 6C 7C 8C 9C TC JC QC KC 
DIAMONDS: 3D 4D 5D 6D 7D 8D 9D TD JD QD KD 
HEARTS: 6H 7H 8H 9H TH 
SPADES: AS 2S 3S 4S 5S 6S 7S 8S 9S TS JS QS KS 
Your hand: AD 2H 
Legal plays: 
Player4 discards AD

Cards on the table:
CLUBS: AC 2C 3C 4C 5C 6C 7C 8C 9C TC JC QC KC 
DIAMONDS: 3D 4D 5D 6D 7D 8D 9D TD JD QD KD 
HEARTS: 6H 7H 8H 9H TH 
SPADES: AS 2S 3S 4S 5S 6S 7S 8S 9S TS JS QS KS 
Your hand: 4H 
Legal plays: 
Player1 discards 4H

Cards on the table:
CLUBS: AC 2C 3C 4C 5C 6C 7C 8C 9C TC JC QC KC 
DIAMONDS: 3D 4D 5D 6D 7D 8D 9D TD JD QD KD 
HEARTS: 6H 7H 8H 9H TH 
SPADES: AS 2S 3S 4S 5S 6S 7S 8S 9S TS JS QS KS 
Your hand: KH 
Legal plays: 
Player2 discards KH

Cards on the table:
CLUBS: AC 2C 3C 4C 5C 6C 7C 8C 9C TC JC QC KC 
DIAMONDS: 3D 4D 5D 6D 7D 8D 9D TD JD QD KD 
HEARTS: 6H 7H 8H 9H TH 
SPADES: AS 2S 3S 4S 5S 6S 7S 8S 9S TS JS QS KS 
Your hand: AH 
Legal plays: 
Player3 discards AH

Cards on the table:
CLUBS: AC 2C 3C 4C 5C 6C 7C 8C 9C TC JC QC KC 
DIAMONDS: 3D 4D 5D 6D 7D 8D 9D TD JD QD KD 
HEARTS: 6H 7H 8H 9H TH 
SPADES: AS 2S 3S 4S 5S 6S 7S 8S 9S TS JS QS KS 
Your hand: 2H 
Legal plays: 
Player4 discards 2H

Player 1 score: 3+4+=7
Player 2 score: 5+2+11+13+=31
Player 3 score: 1+=1
Player 4 score: 12+1+2+=15
A new round begins. It’s Player1’s turn to play.
Cards on the table:
CLUBS: 
DIAMONDS: 
HEARTS: 
SPADES: 
Your hand: 8C KS 2D 9C 7S 4H 8H TC 6C 7H 5H TD 9H 
Legal plays: 7S 7H 
Player1 plays 7S


Cards on the table:
CLUBS: 
DIAMONDS: 
HEARTS: 
SPADES: 7S 
Your hand: 6D QH 4S 5S TS KH KD 5D QC 5C 3H 8D QS 
Legal plays: 
Player2 discards 6D

Cards on the table:
CLUBS: 
DIAMONDS: 
HEARTS: 
SPADES: 7S 
Your hand: 4C 2C KC JH 3S 3C 8S 3D AC 6H TH 9D JC 
Legal plays: 8S 
Player3 plays 8S

Cards on the table:
CLUBS: 
DIAMONDS: 
HEARTS: 
SPADES: 7S 8S 
Your hand: 2S JD 9S QD AD JS AH 4D 2H 7D 7C AS 6S 
Legal plays: 9S 7D 7C 6S 
Player4 plays 9S

Cards on the table:
CLUBS: 
DIAMONDS: 
HEARTS: 
SPADES: 7S 8S 9S 
Your hand: 8C KS 2D 9C 4H 8H TC 6C 7H 5H TD 9H 
Legal plays: 7H 
Player1 plays 7H

Cards on the table:
CLUBS: 
DIAMONDS: 
HEARTS: 7H 
SPADES: 7S 8S 9S 
Your hand: QH 4S 5S TS KH KD 5D QC 5C 3H 8D QS 
Legal plays: TS 
Player2 plays TS

Cards on the table:
CLUBS: 
DIAMONDS: 
HEARTS: 7H 
SPADES: 7S 8S 9S TS 
Your hand: 4C 2C KC JH 3S 3C 3D AC 6H TH 9D JC 
Legal plays: 6H 
Player3 plays 6H

Cards on the table:
CLUBS: 
DIAMONDS: 
HEARTS: 6H 7H 
SPADES: 7S 8S 9S TS 
Your hand: 2S JD QD AD JS AH 4D 2H 7D 7C AS 6S 
Legal plays: JS 7D 7C 6S 
Player4 plays JS

Cards on the table:
CLUBS: 
DIAMONDS: 
HEARTS: 6H 7H 
SPADES: 7S 8S 9S TS JS 
Your hand: 8C KS 2D 9C 4H 8H TC 6C 5H TD 9H 
Legal plays: 8H 5H 
Player1 plays 8H

Cards on the table:
CLUBS: 
DIAMONDS: 
HEARTS: 6H 7H 8H 
SPADES: 7S 8S 9S TS JS 
Your hand: QH 4S 5S KH KD 5D QC 5C 3H 8D QS 
Legal plays: QS 
Player2 plays QS

Cards on the table:
CLUBS: 
DIAMONDS: 
HEARTS: 6H 7H 8H 
SPADES: 7S 8S 9S TS JS QS 
Your hand: 4C 2C KC JH 3S 3C 3D AC TH 9D JC 
Legal plays: 
Player3 discards 4C

Cards on the table:
CLUBS: 
DIAMONDS: 
HEARTS: 6H 7H 8H 
SPADES: 7S 8S 9S TS JS QS 
Your hand: 2S JD QD AD AH 4D 2H 7D 7C AS 6S 
Legal plays: 7D 7C 6S 
Player4 plays 7D

Cards on the table:
CLUBS: 
DIAMONDS: 7D 
HEARTS: 6H 7H 8H 
SPADES: 7S 8S 9S TS JS QS 
Your hand: 8C KS 2D 9C 4H TC 6C 5H TD 9H 
Legal plays: KS 5H 9H 
Player1 plays KS

Cards on the table:
CLUBS: 
DIAMONDS: 7D 
HEARTS: 6H 7H 8H 
SPADES: 7S 8S 9S TS JS QS KS 
Your hand: QH 4S 5S KH KD 5D QC 5C 3H 8D 
Legal plays: 8D 
Player2 plays 8D

Cards on the table:
CLUBS: 
DIAMONDS: 7D 8D 
HEARTS: 6H 7H 8H 
SPADES: 7S 8S 9S TS JS QS KS 
Your hand: 2C KC JH 3S 3C 3D AC TH 9D JC 
Legal plays: 9D 
Player3 plays 9D

Cards on the table:
CLUBS: 
DIAMONDS: 7D 8D 9D 
HEARTS: 6H 7H 8H 
SPADES: 7S 8S 9S TS JS QS KS 
Your hand: 2S JD QD AD AH 4D 2H 7C AS 6S 
Legal plays: 7C 6S 
Player4 plays 7C

Cards on the table:
CLUBS: 7C 
DIAMONDS: 7D 8D 9D 
HEARTS: 6H 7H 8H 
SPADES: 7S 8S 9S TS JS QS KS 
Your hand: 8C 2D 9C 4H TC 6C 5H TD 9H 
Legal plays: 8C 6C 5H TD 9H 
Player1 plays 8C

Cards on the table:
CLUBS: 7C 8C 
DIAMONDS: 7D 8D 9D 
HEARTS: 6H 7H 8H 
SPADES: 7S 8S 9S TS JS QS KS 
Your hand: QH 4S 5S KH KD 5D QC 5C 3H 
Legal plays: 
Player2 discards QH

Cards on the table:
CLUBS: 7C 8C 
DIAMONDS: 7D 8D 9D 
HEARTS: 6H 7H 8H 
SPADES: 7S 8S 9S TS JS QS KS 
Your hand: 2C KC JH 3S 3C 3D AC TH JC 
Legal plays: 
Player3 discards 2C

Cards on the table:
CLUBS: 7C 8C 
DIAMONDS: 7D 8D 9D 
HEARTS: 6H 7H 8H 
SPADES: 7S 8S 9S TS JS QS KS 
Your hand: 2S JD QD AD AH 4D 2H AS 6S 
Legal plays: 6S 
Player4 plays 6S

Cards on the table:
CLUBS: 7C 8C 
DIAMONDS: 7D 8D 9D 
HEARTS: 6H 7H 8H 
SPADES: 6S 7S 8S 9S TS JS QS KS 
Your hand: 2D 9C 4H TC 6C 5H TD 9H 
Legal plays: 9C 6C 5H TD 9H 
Player1 plays 9C

Cards on the table:
CLUBS: 7C 8C 9C 
DIAMONDS: 7D 8D 9D 
HEARTS: 6H 7H 8H 
SPADES: 6S 7S 8S 9S TS JS QS KS 
Your hand: 4S 5S KH KD 5D QC 5C 3H 
Legal plays: 5S 
Player2 plays 5S

Cards on the table:
CLUBS: 7C 8C 9C 
DIAMONDS: 7D 8D 9D 
HEARTS: 6H 7H 8H 
SPADES: 5S 6S 7S 8S 9S TS JS QS KS 
Your hand: KC JH 3S 3C 3D AC TH JC 
Legal plays: 
Player3 discards KC

Cards on the table:
CLUBS: 7C 8C 9C 
DIAMONDS: 7D 8D 9D 
HEARTS: 6H 7H 8H 
SPADES: 5S 6S 7S 8S 9S TS JS QS KS 
Your hand: 2S JD QD AD AH 4D 2H AS 
Legal plays: 
Player4 discards 2S

Cards on the table:
CLUBS: 7C 8C 9C 
DIAMONDS: 7D 8D 9D 
HEARTS: 6H 7H 8H 
SPADES: 5S 6S 7S 8S 9S TS JS QS KS 
Your hand: 2D 4H TC 6C 5H TD 9H 
Legal plays: TC 6C 5H TD 9H 
Player1 plays TC

Cards on the table:
CLUBS: 7C 8C 9C TC 
DIAMONDS: 7D 8D 9D 
HEARTS: 6H 7H 8H 
SPADES: 5S 6S 7S 8S 9S TS JS QS KS 
Your hand: 4S KH KD 5D QC 5C 3H 
Legal plays: 4S 
Player2 plays 4S

Cards on the table:
CLUBS: 7C 8C 9C TC 
DIAMONDS: 7D 8D 9D 
HEARTS: 6H 7H 8H 
SPADES: 4S 5S 6S 7S 8S 9S TS JS QS KS 
Your hand: JH 3S 3C 3D AC TH JC 
Legal plays: 3S JC 
Player3 plays 3S

Cards on the table:
CLUBS: 7C 8C 9C TC 
DIAMONDS: 7D 8D 9D 
HEARTS: 6H 7H 8H 
SPADES: 3S 4S 5S 6S 7S 8S 9S TS JS QS KS 
Your hand: JD QD AD AH 4D 2H AS 
Legal plays: 
Player4 discards JD

Cards on the table:
CLUBS: 7C 8C 9C TC 
DIAMONDS: 7D 8D 9D 
HEARTS: 6H 7H 8H 
SPADES: 3S 4S 5S 6S 7S 8S 9S TS JS QS KS 
Your hand: 2D 4H 6C 5H TD 9H 
Legal plays: 6C 5H TD 9H 
Player1 plays 6C

Cards on the table:
CLUBS: 6C 7C 8C 9C TC 
DIAMONDS: 7D 8D 9D 
HEARTS: 6H 7H 8H 
SPADES: 3S 4S 5S 6S 7S 8S 9S TS JS QS KS 
Your hand: KH KD 5D QC 5C 3H 
Legal plays: 5C 
Player2 plays 5C

Cards on the table:
CLUBS: 5C 6C 7C 8C 9C TC 
DIAMONDS: 7D 8D 9D 
HEARTS: 6H 7H 8H 
SPADES: 3S 4S 5S 6S 7S 8S 9S TS JS QS KS 
Your hand: JH 3C 3D AC TH JC 
Legal plays: JC 
Player3 plays JC

Cards on the table:
CLUBS: 5C 6C 7C 8C 9C TC JC 
DIAMONDS: 7D 8D 9D 
HEARTS: 6H 7H 8H 
SPADES: 3S 4S 5S 6S 7S 8S 9S TS JS QS KS 
Your hand: QD AD AH 4D 2H AS 
Legal plays: 
Player4 discards QD

Cards on the table:
CLUBS: 5C 6C 7C 8C 9C TC JC 
DIAMONDS: 7D 8D 9D 
HEARTS: 6H 7H 8H 
SPADES: 3S 4S 5S 6S 7S 8S 9S TS JS QS KS 
Your hand: 2D 4H 5H TD 9H 
Legal plays: 5H TD 9H 
Player1 plays 5H

Cards on the table:
CLUBS: 5C 6C 7C 8C 9C TC JC 
DIAMONDS: 7D 8D 9D 
HEARTS: 5H 6H 7H 8H 
SPADES: 3S 4S 5S 6S 7S 8S 9S TS JS QS KS 
Your hand: KH KD 5D QC 3H 
Legal plays: QC 
Player2 plays QC

Cards on the table:
CLUBS: 5C 6C 7C 8C 9C TC JC QC 
DIAMONDS: 7D 8D 9D 
HEARTS: 5H 6H 7H 8H 
SPADES: 3S 4S 5S 6S 7S 8S 9S TS JS QS KS 
Your hand: JH 3C 3D AC TH 
Legal plays: 
Player3 discards JH

Cards on the table:
CLUBS: 5C 6C 7C 8C 9C TC JC QC 
DIAMONDS: 7D 8D 9D 
HEARTS: 5H 6H 7H 8H 
SPADES: 3S 4S 5S 6S 7S 8S 9S TS JS QS KS 
Your hand: AD AH 4D 2H AS 
Legal plays: 
Player4 discards AD

Cards on the table:
CLUBS: 5C 6C 7C 8C 9C TC JC QC 
DIAMONDS: 7D 8D 9D 
HEARTS: 5H 6H 7H 8H 
SPADES: 3S 4S 5S 6S 7S 8S 9S TS JS QS KS 
Your hand: 2D 4H TD 9H 
Legal plays: 4H TD 9H 
Player1 plays 4H

Cards on the table:
CLUBS: 5C 6C 7C 8C 9C TC JC QC 
DIAMONDS: 7D 8D 9D 
HEARTS: 4H 5H 6H 7H 8H 
SPADES: 3S 4S 5S 6S 7S 8S 9S TS JS QS KS 
Your hand: KH KD 5D 3H 
Legal plays: 3H 
Player2 plays 3H

Cards on the table:
CLUBS: 5C 6C 7C 8C 9C TC JC QC 
DIAMONDS: 7D 8D 9D 
HEARTS: 3H 4H 5H 6H 7H 8H 
SPADES: 3S 4S 5S 6S 7S 8S 9S TS JS QS KS 
Your hand: 3C 3D AC TH 
Legal plays: 
Player3 discards 3C

Cards on the table:
CLUBS: 5C 6C 7C 8C 9C TC JC QC 
DIAMONDS: 7D 8D 9D 
HEARTS: 3H 4H 5H 6H 7H 8H 
SPADES: 3S 4S 5S 6S 7S 8S 9S TS JS QS KS 
Your hand: AH 4D 2H AS 
Legal plays: 2H 
Player4 plays 2H

Cards on the table:
CLUBS: 5C 6C 7C 8C 9C TC JC QC 
DIAMONDS: 7D 8D 9D 
HEARTS: 2H 3H 4H 5H 6H 7H 8H 
SPADES: 3S 4S 5S 6S 7S 8S 9S TS JS QS KS 
Your hand: 2D TD 9H 
Legal plays: TD 9H 
Player1 plays TD

Cards on the table:
CLUBS: 5C 6C 7C 8C 9C TC JC QC 
DIAMONDS: 7D 8D 9D TD 
HEARTS: 2H 3H 4H 5H 6H 7H 8H 
SPADES: 3S 4S 5S 6S 7S 8S 9S TS JS QS KS 
Your hand: KH KD 5D 
Legal plays: 
Player2 discards KH

Cards on the table:
CLUBS: 5C 6C 7C 8C 9C TC JC QC 
DIAMONDS: 7D 8D 9D TD 
HEARTS: 2H 3H 4H 5H 6H 7H 8H 
SPADES: 3S 4S 5S 6S 7S 8S 9S TS JS QS KS 
Your hand: 3D AC TH 
Legal plays: 
Player3 discards 3D

Cards on the table:
CLUBS: 5C 6C 7C 8C 9C TC JC QC 
DIAMONDS: 7D 8D 9D TD 
HEARTS: 2H 3H 4H 5H 6H 7H 8H 
SPADES: 3S 4S 5S 6S 7S 8S 9S TS JS QS KS 
Your hand: AH 4D AS 
Legal plays: AH 
Player4 plays AH

Cards on the table:
CLUBS: 5C 6C 7C 8C 9C TC JC QC 
DIAMONDS: 7D 8D 9D TD 
HEARTS: AH 2H 3H 4H 5H 6H 7H 8H 
SPADES: 3S 4S 5S 6S 7S 8S 9S TS JS QS KS 
Your hand: 2D 9H 
Legal plays: 9H 
Player1 plays 9H

Cards on the table:
CLUBS: 5C 6C 7C 8C 9C TC JC QC 
DIAMONDS: 7D 8D 9D TD 
HEARTS: AH 2H 3H 4H 5H 6H 7H 8H 9H 
SPADES: 3S 4S 5S 6S 7S 8S 9S TS JS QS KS 
Your hand: KD 5D 
Legal plays: 
Player2 discards KD

Cards on the table:
CLUBS: 5C 6C 7C 8C 9C TC JC QC 
DIAMONDS: 7D 8D 9D TD 
HEARTS: AH 2H 3H 4H 5H 6H 7H 8H 9H 
SPADES: 3S 4S 5S 6S 7S 8S 9S TS JS QS KS 
Your hand: AC TH 
Legal plays: TH 
Player3 plays TH

Cards on the table:
CLUBS: 5C 6C 7C 8C 9C TC JC QC 
DIAMONDS: 7D 8D 9D TD 
HEARTS: AH 2H 3H 4H 5H 6H 7H 8H 9H TH 
SPADES: 3S 4S 5S 6S 7S 8S 9S TS JS QS KS 
Your hand: 4D AS 
Legal plays: 
Player4 discards 4D

Cards on the table:
CLUBS: 5C 6C 7C 8C 9C TC JC QC 
DIAMONDS: 7D 8D 9D TD 
HEARTS: AH 2H 3H 4H 5H 6H 7H 8H 9H TH 
SPADES: 3S 4S 5S 6S 7S 8S 9S TS JS QS KS 
Your hand: 2D 
Legal plays: 
Player1 discards 2D

Cards on the table:
CLUBS: 5C 6C 7C 8C 9C TC JC QC 
DIAMONDS: 7D 8D 9D TD 
HEARTS: AH 2H 3H 4H 5H 6H 7H 8H 9H TH 
SPADES: 3S 4S 5S 6S 7S 8S 9S TS JS QS KS 
Your hand: 5D 
Legal plays: 
Player2 discards 5D

Cards on the table:
CLUBS: 5C 6C 7C 8C 9C TC JC QC 
DIAMONDS: 7D 8D 9D TD 
HEARTS: AH 2H 3H 4H 5H 6H 7H 8H 9H TH 
SPADES: 3S 4S 5S 6S 7S 8S 9S TS JS QS KS 
Your hand: AC 
Legal plays: 
Player3 discards AC

Cards on the table:
CLUBS: 5C 6C 7C 8C 9C TC JC QC 
DIAMONDS: 7D 8D 9D TD 
HEARTS: AH 2H 3H 4H 5H 6H 7H 8H 9H TH 
SPADES: 3S 4S 5S 6S 7S 8S 9S TS JS QS KS 
Your hand: AS 
Legal plays: 
Player4 discards AS

Player 1 score: 2+=2
Player 2 score: 6+12+13+13+5+=49
Player 3 score: 4+2+13+11+3+3+1+=37
Player 4 score: 2+11+12+1+4+1+=31
player 1's score: 60
Player1 wins!
player 2's score: 122
player 3's score: 98
player 4's score: 63
